Running cuda Ray Tracing...
Rays: 1000
Rendering time: 7.744 ms
Running cuda Ray Tracing...
Rays: 10000
Rendering time: 4.74115 ms
Running cuda Ray Tracing...
Rays: 100000
Rendering time: 5.81222 ms
Running cuda Ray Tracing...
Rays: 1000000
Rendering time: 14.7675 ms
Running cuda Ray Tracing...
Rays: 10000000
Rendering time: 105.239 ms
Running cuda Ray Tracing...
Rays: 100000000
Rendering time: 1159.69 ms
Running cuda Ray Tracing...
Rays: 1000000000
Rendering time: 10234.1 ms
Running serial Ray Tracing...
Rays: 1000
Rendering time: 0.86544 ms
Running serial Ray Tracing...
Rays: 10000
Rendering time: 7.95507 ms
Running serial Ray Tracing...
Rays: 100000
Rendering time: 76.8865 ms
Running serial Ray Tracing...
Rays: 1000000
Rendering time: 718.249 ms
Running serial Ray Tracing...
Rays: 10000000
Rendering time: 7180.09 ms
Running serial Ray Tracing...
Rays: 100000000
Rendering time: 71210.1 ms
Running serial Ray Tracing...
Rays: 1000000000
Rendering time: 713418 ms
